<?xml version='1.0' encoding='UTF-8'?>
<result>
  <suites>
    <suite>
      <file>/Users/johnsmart/Projects/Books/continuous-integration-with-hudson/resources/book-examples/chapter-automated-tests/hudson-data/jobs/gameoflife-default/workspace/target/surefire-reports/TEST-com.ciwithhudson.gameoflife.domain.CellTest.xml</file>
      <name>com.ciwithhudson.gameoflife.domain.CellTest</name>
      <duration>0.0030</duration>
      <cases>
        <case>
          <duration>0.0010</duration>
          <className>com.ciwithhudson.gameoflife.domain.CellTest</className>
          <testName>aLivingCellShouldPrintAsAPlus</testName>
          <skipped>false</skipped>
          <failedSince>0</failedSince>
        </case>
        <case>
          <duration>0.0010</duration>
          <className>com.ciwithhudson.gameoflife.domain.CellTest</className>
          <testName>aDeadCellShouldPrintAsAPlus</testName>
          <skipped>false</skipped>
          <failedSince>0</failedSince>
        </case>
        <case>
          <duration>0.0010</duration>
          <className>com.ciwithhudson.gameoflife.domain.CellTest</className>
          <testName>thePlusSymbolShouldProduceALivingCell</testName>
          <skipped>false</skipped>
          <failedSince>0</failedSince>
        </case>
        <case>
          <duration>0.0</duration>
          <className>com.ciwithhudson.gameoflife.domain.CellTest</className>
          <testName>theMinusSymbolShouldProduceADeadCell</testName>
          <skipped>false</skipped>
          <failedSince>0</failedSince>
        </case>
      </cases>
    </suite>
    <suite>
      <file>/Users/johnsmart/Projects/Books/continuous-integration-with-hudson/resources/book-examples/chapter-automated-tests/hudson-data/jobs/gameoflife-default/workspace/target/surefire-reports/TEST-com.ciwithhudson.gameoflife.domain.GridTest.xml</file>
      <name>com.ciwithhudson.gameoflife.domain.GridTest</name>
      <duration>0.01</duration>
      <cases>
        <case>
          <duration>0.01</duration>
          <className>com.ciwithhudson.gameoflife.domain.GridTest</className>
          <testName>shouldCountZeroWhenAllNeighboursAreDead</testName>
          <skipped>false</skipped>
          <failedSince>0</failedSince>
        </case>
        <case>
          <duration>0.0</duration>
          <className>com.ciwithhudson.gameoflife.domain.GridTest</className>
          <testName>shouldCountZeroInCornersWhenAllNeighboursAreDead</testName>
          <skipped>false</skipped>
          <failedSince>0</failedSince>
        </case>
      </cases>
    </suite>
    <suite>
      <file>/Users/johnsmart/Projects/Books/continuous-integration-with-hudson/resources/book-examples/chapter-automated-tests/hudson-data/jobs/gameoflife-default/workspace/target/surefire-reports/TEST-com.ciwithhudson.gameoflife.domain.UniverseTest.xml</file>
      <name>com.ciwithhudson.gameoflife.domain.UniverseTest</name>
      <duration>0.018000001</duration>
      <cases>
        <case>
          <duration>0.0040</duration>
          <className>com.ciwithhudson.gameoflife.domain.UniverseTest</className>
          <testName>aUniverseIsATwoDimentionalGridOfCells</testName>
          <skipped>false</skipped>
          <failedSince>0</failedSince>
        </case>
        <case>
          <duration>0.0010</duration>
          <className>com.ciwithhudson.gameoflife.domain.UniverseTest</className>
          <testName>theUniverseIsInitiallyVoidOfLife</testName>
          <skipped>false</skipped>
          <failedSince>0</failedSince>
        </case>
        <case>
          <duration>0.0010</duration>
          <className>com.ciwithhudson.gameoflife.domain.UniverseTest</className>
          <testName>aNewVersionOfTheUniverseEvolvesEachGeneration</testName>
          <skipped>false</skipped>
          <failedSince>0</failedSince>
        </case>
        <case>
          <duration>0.0</duration>
          <className>com.ciwithhudson.gameoflife.domain.UniverseTest</className>
          <testName>toStringShouldPrintTheFullCellGrid</testName>
          <skipped>false</skipped>
          <failedSince>0</failedSince>
        </case>
        <case>
          <duration>0.0</duration>
          <className>com.ciwithhudson.gameoflife.domain.UniverseTest</className>
          <testName>anEmptyGridCanBeInitializedWithAFormattedGridString</testName>
          <skipped>false</skipped>
          <failedSince>0</failedSince>
        </case>
        <case>
          <duration>0.0</duration>
          <className>com.ciwithhudson.gameoflife.domain.UniverseTest</className>
          <testName>aPopulatedGridCanBeInitializedWithAFormattedGridString</testName>
          <skipped>false</skipped>
          <failedSince>0</failedSince>
        </case>
        <case>
          <duration>0.0010</duration>
          <className>com.ciwithhudson.gameoflife.domain.UniverseTest</className>
          <testName>aLiveCellWithNoNeighboursWillDieInTheNextGeneration</testName>
          <skipped>false</skipped>
          <failedSince>0</failedSince>
        </case>
        <case>
          <duration>0.0010</duration>
          <className>com.ciwithhudson.gameoflife.domain.UniverseTest</className>
          <testName>aLiveCellWithOneNeighbourWillDieInTheNextGeneration</testName>
          <skipped>false</skipped>
          <failedSince>0</failedSince>
        </case>
        <case>
          <duration>0.0050</duration>
          <className>com.ciwithhudson.gameoflife.domain.UniverseTest</className>
          <testName>aLiveCellWithTwoNeighboursWillLiveInTheNextGeneration</testName>
          <skipped>false</skipped>
          <errorStackTrace>java.lang.AssertionError: 
Expected: is &quot;++-\n++-\n---\n&quot;
     got: &quot;---\n+--\n---\n&quot;

	at org.hamcrest.MatcherAssert.assertThat(MatcherAssert.java:21)
	at org.hamcrest.MatcherAssert.assertThat(MatcherAssert.java:8)
	at com.ciwithhudson.gameoflife.domain.UniverseTest.aLiveCellWithTwoNeighboursWillLiveInTheNextGeneration(UniverseTest.java:98)
	at sun.reflect.NativeMethodAccessorImpl.invoke0(Native Method)
	at sun.reflect.NativeMethodAccessorImpl.invoke(NativeMethodAccessorImpl.java:39)
	at sun.reflect.DelegatingMethodAccessorImpl.invoke(DelegatingMethodAccessorImpl.java:25)
	at java.lang.reflect.Method.invoke(Method.java:597)
	at org.junit.runners.model.FrameworkMethod$1.runReflectiveCall(FrameworkMethod.java:44)
	at org.junit.internal.runners.model.ReflectiveCallable.run(ReflectiveCallable.java:15)
	at org.junit.runners.model.FrameworkMethod.invokeExplosively(FrameworkMethod.java:41)
	at org.junit.internal.runners.statements.InvokeMethod.evaluate(InvokeMethod.java:20)
	at org.junit.internal.runners.statements.RunBefores.evaluate(RunBefores.java:28)
	at org.junit.runners.BlockJUnit4ClassRunner.runChild(BlockJUnit4ClassRunner.java:76)
	at org.junit.runners.BlockJUnit4ClassRunner.runChild(BlockJUnit4ClassRunner.java:50)
	at org.junit.runners.ParentRunner$3.run(ParentRunner.java:193)
	at org.junit.runners.ParentRunner$1.schedule(ParentRunner.java:52)
	at org.junit.runners.ParentRunner.runChildren(ParentRunner.java:191)
	at org.junit.runners.ParentRunner.access$000(ParentRunner.java:42)
	at org.junit.runners.ParentRunner$2.evaluate(ParentRunner.java:184)
	at org.junit.runners.ParentRunner.run(ParentRunner.java:236)
	at org.apache.maven.surefire.junit4.JUnit4TestSet.execute(JUnit4TestSet.java:62)
	at org.apache.maven.surefire.suite.AbstractDirectoryTestSuite.executeTestSet(AbstractDirectoryTestSuite.java:140)
	at org.apache.maven.surefire.suite.AbstractDirectoryTestSuite.execute(AbstractDirectoryTestSuite.java:127)
	at org.apache.maven.surefire.Surefire.run(Surefire.java:177)
	at sun.reflect.NativeMethodAccessorImpl.invoke0(Native Method)
	at sun.reflect.NativeMethodAccessorImpl.invoke(NativeMethodAccessorImpl.java:39)
	at sun.reflect.DelegatingMethodAccessorImpl.invoke(DelegatingMethodAccessorImpl.java:25)
	at java.lang.reflect.Method.invoke(Method.java:597)
	at org.apache.maven.surefire.booter.SurefireBooter.runSuitesInProcess(SurefireBooter.java:345)
	at org.apache.maven.surefire.booter.SurefireBooter.main(SurefireBooter.java:1009)
</errorStackTrace>
          <errorDetails> Expected: is &quot;++-\n++-\n---\n&quot;      got: &quot;---\n+--\n---\n&quot; </errorDetails>
          <failedSince>3</failedSince>
        </case>
        <case>
          <duration>0.0</duration>
          <className>com.ciwithhudson.gameoflife.domain.UniverseTest</className>
          <testName>aLiveCellWithThreeNeighboursWillLiveInTheNextGeneration</testName>
          <skipped>false</skipped>
          <failedSince>0</failedSince>
        </case>
        <case>
          <duration>0.0010</duration>
          <className>com.ciwithhudson.gameoflife.domain.UniverseTest</className>
          <testName>aLiveCellWithFourNeighboursAboveWillDieInTheNextGeneration</testName>
          <skipped>false</skipped>
          <errorStackTrace>java.lang.AssertionError: 
Expected: is &quot;+-+\n+-+\n-+-\n&quot;
     got: &quot;+-+\n+--\n-+-\n&quot;

	at org.hamcrest.MatcherAssert.assertThat(MatcherAssert.java:21)
	at org.hamcrest.MatcherAssert.assertThat(MatcherAssert.java:8)
	at com.ciwithhudson.gameoflife.domain.UniverseTest.aLiveCellWithFourNeighboursAboveWillDieInTheNextGeneration(UniverseTest.java:114)
	at sun.reflect.NativeMethodAccessorImpl.invoke0(Native Method)
	at sun.reflect.NativeMethodAccessorImpl.invoke(NativeMethodAccessorImpl.java:39)
	at sun.reflect.DelegatingMethodAccessorImpl.invoke(DelegatingMethodAccessorImpl.java:25)
	at java.lang.reflect.Method.invoke(Method.java:597)
	at org.junit.runners.model.FrameworkMethod$1.runReflectiveCall(FrameworkMethod.java:44)
	at org.junit.internal.runners.model.ReflectiveCallable.run(ReflectiveCallable.java:15)
	at org.junit.runners.model.FrameworkMethod.invokeExplosively(FrameworkMethod.java:41)
	at org.junit.internal.runners.statements.InvokeMethod.evaluate(InvokeMethod.java:20)
	at org.junit.internal.runners.statements.RunBefores.evaluate(RunBefores.java:28)
	at org.junit.runners.BlockJUnit4ClassRunner.runChild(BlockJUnit4ClassRunner.java:76)
	at org.junit.runners.BlockJUnit4ClassRunner.runChild(BlockJUnit4ClassRunner.java:50)
	at org.junit.runners.ParentRunner$3.run(ParentRunner.java:193)
	at org.junit.runners.ParentRunner$1.schedule(ParentRunner.java:52)
	at org.junit.runners.ParentRunner.runChildren(ParentRunner.java:191)
	at org.junit.runners.ParentRunner.access$000(ParentRunner.java:42)
	at org.junit.runners.ParentRunner$2.evaluate(ParentRunner.java:184)
	at org.junit.runners.ParentRunner.run(ParentRunner.java:236)
	at org.apache.maven.surefire.junit4.JUnit4TestSet.execute(JUnit4TestSet.java:62)
	at org.apache.maven.surefire.suite.AbstractDirectoryTestSuite.executeTestSet(AbstractDirectoryTestSuite.java:140)
	at org.apache.maven.surefire.suite.AbstractDirectoryTestSuite.execute(AbstractDirectoryTestSuite.java:127)
	at org.apache.maven.surefire.Surefire.run(Surefire.java:177)
	at sun.reflect.NativeMethodAccessorImpl.invoke0(Native Method)
	at sun.reflect.NativeMethodAccessorImpl.invoke(NativeMethodAccessorImpl.java:39)
	at sun.reflect.DelegatingMethodAccessorImpl.invoke(DelegatingMethodAccessorImpl.java:25)
	at java.lang.reflect.Method.invoke(Method.java:597)
	at org.apache.maven.surefire.booter.SurefireBooter.runSuitesInProcess(SurefireBooter.java:345)
	at org.apache.maven.surefire.booter.SurefireBooter.main(SurefireBooter.java:1009)
</errorStackTrace>
          <errorDetails> Expected: is &quot;+-+\n+-+\n-+-\n&quot;      got: &quot;+-+\n+--\n-+-\n&quot; </errorDetails>
          <failedSince>3</failedSince>
        </case>
        <case>
          <duration>0.0010</duration>
          <className>com.ciwithhudson.gameoflife.domain.UniverseTest</className>
          <testName>aLiveCellWithFourNeighboursBelowWillDieInTheNextGeneration</testName>
          <skipped>false</skipped>
          <errorStackTrace>java.lang.AssertionError: 
Expected: is &quot;-+-\n+-+\n+-+\n&quot;
     got: &quot;-+-\n+--\n+-+\n&quot;

	at org.hamcrest.MatcherAssert.assertThat(MatcherAssert.java:21)
	at org.hamcrest.MatcherAssert.assertThat(MatcherAssert.java:8)
	at com.ciwithhudson.gameoflife.domain.UniverseTest.aLiveCellWithFourNeighboursBelowWillDieInTheNextGeneration(UniverseTest.java:122)
	at sun.reflect.NativeMethodAccessorImpl.invoke0(Native Method)
	at sun.reflect.NativeMethodAccessorImpl.invoke(NativeMethodAccessorImpl.java:39)
	at sun.reflect.DelegatingMethodAccessorImpl.invoke(DelegatingMethodAccessorImpl.java:25)
	at java.lang.reflect.Method.invoke(Method.java:597)
	at org.junit.runners.model.FrameworkMethod$1.runReflectiveCall(FrameworkMethod.java:44)
	at org.junit.internal.runners.model.ReflectiveCallable.run(ReflectiveCallable.java:15)
	at org.junit.runners.model.FrameworkMethod.invokeExplosively(FrameworkMethod.java:41)
	at org.junit.internal.runners.statements.InvokeMethod.evaluate(InvokeMethod.java:20)
	at org.junit.internal.runners.statements.RunBefores.evaluate(RunBefores.java:28)
	at org.junit.runners.BlockJUnit4ClassRunner.runChild(BlockJUnit4ClassRunner.java:76)
	at org.junit.runners.BlockJUnit4ClassRunner.runChild(BlockJUnit4ClassRunner.java:50)
	at org.junit.runners.ParentRunner$3.run(ParentRunner.java:193)
	at org.junit.runners.ParentRunner$1.schedule(ParentRunner.java:52)
	at org.junit.runners.ParentRunner.runChildren(ParentRunner.java:191)
	at org.junit.runners.ParentRunner.access$000(ParentRunner.java:42)
	at org.junit.runners.ParentRunner$2.evaluate(ParentRunner.java:184)
	at org.junit.runners.ParentRunner.run(ParentRunner.java:236)
	at org.apache.maven.surefire.junit4.JUnit4TestSet.execute(JUnit4TestSet.java:62)
	at org.apache.maven.surefire.suite.AbstractDirectoryTestSuite.executeTestSet(AbstractDirectoryTestSuite.java:140)
	at org.apache.maven.surefire.suite.AbstractDirectoryTestSuite.execute(AbstractDirectoryTestSuite.java:127)
	at org.apache.maven.surefire.Surefire.run(Surefire.java:177)
	at sun.reflect.NativeMethodAccessorImpl.invoke0(Native Method)
	at sun.reflect.NativeMethodAccessorImpl.invoke(NativeMethodAccessorImpl.java:39)
	at sun.reflect.DelegatingMethodAccessorImpl.invoke(DelegatingMethodAccessorImpl.java:25)
	at java.lang.reflect.Method.invoke(Method.java:597)
	at org.apache.maven.surefire.booter.SurefireBooter.runSuitesInProcess(SurefireBooter.java:345)
	at org.apache.maven.surefire.booter.SurefireBooter.main(SurefireBooter.java:1009)
</errorStackTrace>
          <errorDetails> Expected: is &quot;-+-\n+-+\n+-+\n&quot;      got: &quot;-+-\n+--\n+-+\n&quot; </errorDetails>
          <failedSince>3</failedSince>
        </case>
        <case>
          <duration>0.0</duration>
          <className>com.ciwithhudson.gameoflife.domain.UniverseTest</className>
          <testName>aLiveCellWithFiveNeighboursWillDieInTheNextGeneration</testName>
          <skipped>false</skipped>
          <failedSince>0</failedSince>
        </case>
        <case>
          <duration>0.0</duration>
          <className>com.ciwithhudson.gameoflife.domain.UniverseTest</className>
          <testName>aLiveCellWithSixNeighboursWillDieInTheNextGeneration</testName>
          <skipped>false</skipped>
          <failedSince>0</failedSince>
        </case>
        <case>
          <duration>0.0010</duration>
          <className>com.ciwithhudson.gameoflife.domain.UniverseTest</className>
          <testName>aDeadCellWithThreeNeighboursWillLiveInTheNextGeneration</testName>
          <skipped>false</skipped>
          <errorStackTrace>java.lang.AssertionError: 
Expected: is &quot;++-\n++-\n---\n&quot;
     got: &quot;---\n-+-\n---\n&quot;

	at org.hamcrest.MatcherAssert.assertThat(MatcherAssert.java:21)
	at org.hamcrest.MatcherAssert.assertThat(MatcherAssert.java:8)
	at com.ciwithhudson.gameoflife.domain.UniverseTest.aDeadCellWithThreeNeighboursWillLiveInTheNextGeneration(UniverseTest.java:147)
	at sun.reflect.NativeMethodAccessorImpl.invoke0(Native Method)
	at sun.reflect.NativeMethodAccessorImpl.invoke(NativeMethodAccessorImpl.java:39)
	at sun.reflect.DelegatingMethodAccessorImpl.invoke(DelegatingMethodAccessorImpl.java:25)
	at java.lang.reflect.Method.invoke(Method.java:597)
	at org.junit.runners.model.FrameworkMethod$1.runReflectiveCall(FrameworkMethod.java:44)
	at org.junit.internal.runners.model.ReflectiveCallable.run(ReflectiveCallable.java:15)
	at org.junit.runners.model.FrameworkMethod.invokeExplosively(FrameworkMethod.java:41)
	at org.junit.internal.runners.statements.InvokeMethod.evaluate(InvokeMethod.java:20)
	at org.junit.internal.runners.statements.RunBefores.evaluate(RunBefores.java:28)
	at org.junit.runners.BlockJUnit4ClassRunner.runChild(BlockJUnit4ClassRunner.java:76)
	at org.junit.runners.BlockJUnit4ClassRunner.runChild(BlockJUnit4ClassRunner.java:50)
	at org.junit.runners.ParentRunner$3.run(ParentRunner.java:193)
	at org.junit.runners.ParentRunner$1.schedule(ParentRunner.java:52)
	at org.junit.runners.ParentRunner.runChildren(ParentRunner.java:191)
	at org.junit.runners.ParentRunner.access$000(ParentRunner.java:42)
	at org.junit.runners.ParentRunner$2.evaluate(ParentRunner.java:184)
	at org.junit.runners.ParentRunner.run(ParentRunner.java:236)
	at org.apache.maven.surefire.junit4.JUnit4TestSet.execute(JUnit4TestSet.java:62)
	at org.apache.maven.surefire.suite.AbstractDirectoryTestSuite.executeTestSet(AbstractDirectoryTestSuite.java:140)
	at org.apache.maven.surefire.suite.AbstractDirectoryTestSuite.execute(AbstractDirectoryTestSuite.java:127)
	at org.apache.maven.surefire.Surefire.run(Surefire.java:177)
	at sun.reflect.NativeMethodAccessorImpl.invoke0(Native Method)
	at sun.reflect.NativeMethodAccessorImpl.invoke(NativeMethodAccessorImpl.java:39)
	at sun.reflect.DelegatingMethodAccessorImpl.invoke(DelegatingMethodAccessorImpl.java:25)
	at java.lang.reflect.Method.invoke(Method.java:597)
	at org.apache.maven.surefire.booter.SurefireBooter.runSuitesInProcess(SurefireBooter.java:345)
	at org.apache.maven.surefire.booter.SurefireBooter.main(SurefireBooter.java:1009)
</errorStackTrace>
          <errorDetails> Expected: is &quot;++-\n++-\n---\n&quot;      got: &quot;---\n-+-\n---\n&quot; </errorDetails>
          <failedSince>3</failedSince>
        </case>
        <case>
          <duration>0.0020</duration>
          <className>com.ciwithhudson.gameoflife.domain.UniverseTest</className>
          <testName>aUniverseCanHaveManySuccessiveGeneration</testName>
          <skipped>false</skipped>
          <errorStackTrace>java.lang.AssertionError: 
Expected: is &quot;++-\n+--\n-+-\n&quot;
     got: &quot;---\n+--\n-+-\n&quot;

	at org.hamcrest.MatcherAssert.assertThat(MatcherAssert.java:21)
	at org.hamcrest.MatcherAssert.assertThat(MatcherAssert.java:8)
	at com.ciwithhudson.gameoflife.domain.UniverseTest.aUniverseCanHaveManySuccessiveGeneration(UniverseTest.java:156)
	at sun.reflect.NativeMethodAccessorImpl.invoke0(Native Method)
	at sun.reflect.NativeMethodAccessorImpl.invoke(NativeMethodAccessorImpl.java:39)
	at sun.reflect.DelegatingMethodAccessorImpl.invoke(DelegatingMethodAccessorImpl.java:25)
	at java.lang.reflect.Method.invoke(Method.java:597)
	at org.junit.runners.model.FrameworkMethod$1.runReflectiveCall(FrameworkMethod.java:44)
	at org.junit.internal.runners.model.ReflectiveCallable.run(ReflectiveCallable.java:15)
	at org.junit.runners.model.FrameworkMethod.invokeExplosively(FrameworkMethod.java:41)
	at org.junit.internal.runners.statements.InvokeMethod.evaluate(InvokeMethod.java:20)
	at org.junit.internal.runners.statements.RunBefores.evaluate(RunBefores.java:28)
	at org.junit.runners.BlockJUnit4ClassRunner.runChild(BlockJUnit4ClassRunner.java:76)
	at org.junit.runners.BlockJUnit4ClassRunner.runChild(BlockJUnit4ClassRunner.java:50)
	at org.junit.runners.ParentRunner$3.run(ParentRunner.java:193)
	at org.junit.runners.ParentRunner$1.schedule(ParentRunner.java:52)
	at org.junit.runners.ParentRunner.runChildren(ParentRunner.java:191)
	at org.junit.runners.ParentRunner.access$000(ParentRunner.java:42)
	at org.junit.runners.ParentRunner$2.evaluate(ParentRunner.java:184)
	at org.junit.runners.ParentRunner.run(ParentRunner.java:236)
	at org.apache.maven.surefire.junit4.JUnit4TestSet.execute(JUnit4TestSet.java:62)
	at org.apache.maven.surefire.suite.AbstractDirectoryTestSuite.executeTestSet(AbstractDirectoryTestSuite.java:140)
	at org.apache.maven.surefire.suite.AbstractDirectoryTestSuite.execute(AbstractDirectoryTestSuite.java:127)
	at org.apache.maven.surefire.Surefire.run(Surefire.java:177)
	at sun.reflect.NativeMethodAccessorImpl.invoke0(Native Method)
	at sun.reflect.NativeMethodAccessorImpl.invoke(NativeMethodAccessorImpl.java:39)
	at sun.reflect.DelegatingMethodAccessorImpl.invoke(DelegatingMethodAccessorImpl.java:25)
	at java.lang.reflect.Method.invoke(Method.java:597)
	at org.apache.maven.surefire.booter.SurefireBooter.runSuitesInProcess(SurefireBooter.java:345)
	at org.apache.maven.surefire.booter.SurefireBooter.main(SurefireBooter.java:1009)
</errorStackTrace>
          <errorDetails> Expected: is &quot;++-\n+--\n-+-\n&quot;      got: &quot;---\n+--\n-+-\n&quot; </errorDetails>
          <failedSince>3</failedSince>
        </case>
      </cases>
    </suite>
  </suites>
  <duration>0.031000001</duration>
</result>